<?xml version="1.0" encoding="UTF-8"?>
<!-- Generated by org.testng.reporters.JUnitReportReporter -->
<testsuite hostname="FULL636-PRO.local" failures="0" tests="2" name="realDevice.Delete" time="0.027" errors="0" timestamp="2022-11-08T19:16:41 IST" skipped="0">
  <testcase classname="realDevice.Delete" name="testmethod2" time="0.010"/>
  <system-out/>
  <testcase classname="realDevice.Delete" name="testmethod" time="0.017"/>
  <system-out/>
</testsuite> <!-- realDevice.Delete -->
