<?xml version="1.0" encoding="UTF-8"?>
<!-- Generated by org.testng.reporters.JUnitReportReporter -->
<testsuite hostname="FULL636-PRO.local" failures="0" tests="1" name="realDevice.RealDevice" time="41.188" errors="0" timestamp="2022-11-08T19:21:36 IST" skipped="0">
  <testcase classname="realDevice.RealDevice" name="appStore" time="41.188"/>
  <system-out/>
</testsuite> <!-- realDevice.RealDevice -->
