<?xml version="1.0" encoding="UTF-8"?>
<!-- Generated by org.testng.reporters.JUnitReportReporter -->
<testsuite hostname="FULL636-PRO.FULL.Creative" failures="0" tests="1" name="sample.packages.Sample" time="26.502" errors="0" timestamp="2022-11-07T12:09:25 IST" skipped="0">
  <testcase classname="sample.packages.Sample" name="first" time="26.502"/>
  <system-out/>
</testsuite> <!-- sample.packages.Sample -->
